c:\users\someone\source\repos\zyhelperbeta\zyhelperbeta\debug\vc141.pdb
c:\users\someone\source\repos\zyhelperbeta\zyhelperbeta\debug\vc141.idb
c:\users\someone\source\repos\zyhelperbeta\zyhelperbeta\debug\wiz_macro.obj
c:\users\someone\source\repos\zyhelperbeta\zyhelperbeta\debug\input_simulator.obj
c:\users\someone\source\repos\zyhelperbeta\zyhelperbeta\debug\tcp_connection.obj
c:\users\someone\source\repos\zyhelperbeta\zyhelperbeta\debug\main.obj
c:\users\someone\source\repos\zyhelperbeta\zyhelperbeta\debug\zyhelperbeta.res
c:\users\someone\source\repos\zyhelperbeta\debug\zyhelperbeta.pdb
c:\users\someone\source\repos\zyhelperbeta\zyhelperbeta\debug\zyhelperbeta.tlog\cl.command.1.tlog
c:\users\someone\source\repos\zyhelperbeta\zyhelperbeta\debug\zyhelperbeta.tlog\cl.read.1.tlog
c:\users\someone\source\repos\zyhelperbeta\zyhelperbeta\debug\zyhelperbeta.tlog\cl.write.1.tlog
c:\users\someone\source\repos\zyhelperbeta\zyhelperbeta\debug\zyhelperbeta.tlog\link-cvtres.read.1.tlog
c:\users\someone\source\repos\zyhelperbeta\zyhelperbeta\debug\zyhelperbeta.tlog\link-cvtres.write.1.tlog
c:\users\someone\source\repos\zyhelperbeta\zyhelperbeta\debug\zyhelperbeta.tlog\link-mt.read.1.tlog
c:\users\someone\source\repos\zyhelperbeta\zyhelperbeta\debug\zyhelperbeta.tlog\link-mt.write.1.tlog
c:\users\someone\source\repos\zyhelperbeta\zyhelperbeta\debug\zyhelperbeta.tlog\link-rc.read.1.tlog
c:\users\someone\source\repos\zyhelperbeta\zyhelperbeta\debug\zyhelperbeta.tlog\link-rc.write.1.tlog
c:\users\someone\source\repos\zyhelperbeta\zyhelperbeta\debug\zyhelperbeta.tlog\link.13668-cvtres.read.1.tlog
c:\users\someone\source\repos\zyhelperbeta\zyhelperbeta\debug\zyhelperbeta.tlog\link.13668-cvtres.write.1.tlog
c:\users\someone\source\repos\zyhelperbeta\zyhelperbeta\debug\zyhelperbeta.tlog\link.13668-mt.read.1.tlog
c:\users\someone\source\repos\zyhelperbeta\zyhelperbeta\debug\zyhelperbeta.tlog\link.13668-mt.write.1.tlog
c:\users\someone\source\repos\zyhelperbeta\zyhelperbeta\debug\zyhelperbeta.tlog\link.13668-rc.read.1.tlog
c:\users\someone\source\repos\zyhelperbeta\zyhelperbeta\debug\zyhelperbeta.tlog\link.13668-rc.write.1.tlog
c:\users\someone\source\repos\zyhelperbeta\zyhelperbeta\debug\zyhelperbeta.tlog\link.13668.read.1.tlog
c:\users\someone\source\repos\zyhelperbeta\zyhelperbeta\debug\zyhelperbeta.tlog\link.13668.write.1.tlog
c:\users\someone\source\repos\zyhelperbeta\zyhelperbeta\debug\zyhelperbeta.tlog\link.command.1.tlog
c:\users\someone\source\repos\zyhelperbeta\zyhelperbeta\debug\zyhelperbeta.tlog\link.read.1.tlog
c:\users\someone\source\repos\zyhelperbeta\zyhelperbeta\debug\zyhelperbeta.tlog\link.write.1.tlog
c:\users\someone\source\repos\zyhelperbeta\zyhelperbeta\debug\zyhelperbeta.tlog\rc.command.1.tlog
c:\users\someone\source\repos\zyhelperbeta\zyhelperbeta\debug\zyhelperbeta.tlog\rc.read.1.tlog
c:\users\someone\source\repos\zyhelperbeta\zyhelperbeta\debug\zyhelperbeta.tlog\rc.write.1.tlog
