c:\users\someone\source\repos\zyhelperbeta\zyhelperbeta\release\vc141.pdb
c:\users\someone\source\repos\zyhelperbeta\zyhelperbeta\release\wiz_macro.obj
c:\users\someone\source\repos\zyhelperbeta\zyhelperbeta\release\tcp_connection.obj
c:\users\someone\source\repos\zyhelperbeta\zyhelperbeta\release\main.obj
c:\users\someone\source\repos\zyhelperbeta\zyhelperbeta\release\input_simulator.obj
c:\users\someone\source\repos\zyhelperbeta\release\zyhelperbeta.exe
c:\users\someone\source\repos\zyhelperbeta\release\zyhelperbeta.pdb
c:\users\someone\source\repos\zyhelperbeta\zyhelperbeta\release\zyhelperbeta.res
c:\users\someone\source\repos\zyhelperbeta\release\zyhelperbeta.ipdb
c:\users\someone\source\repos\zyhelperbeta\release\zyhelperbeta.iobj
c:\users\someone\source\repos\zyhelperbeta\zyhelperbeta\release\zyhelperbeta.tlog\cl.command.1.tlog
c:\users\someone\source\repos\zyhelperbeta\zyhelperbeta\release\zyhelperbeta.tlog\cl.read.1.tlog
c:\users\someone\source\repos\zyhelperbeta\zyhelperbeta\release\zyhelperbeta.tlog\cl.write.1.tlog
c:\users\someone\source\repos\zyhelperbeta\zyhelperbeta\release\zyhelperbeta.tlog\link.command.1.tlog
c:\users\someone\source\repos\zyhelperbeta\zyhelperbeta\release\zyhelperbeta.tlog\link.read.1.tlog
c:\users\someone\source\repos\zyhelperbeta\zyhelperbeta\release\zyhelperbeta.tlog\link.write.1.tlog
c:\users\someone\source\repos\zyhelperbeta\zyhelperbeta\release\zyhelperbeta.tlog\rc.command.1.tlog
c:\users\someone\source\repos\zyhelperbeta\zyhelperbeta\release\zyhelperbeta.tlog\rc.read.1.tlog
c:\users\someone\source\repos\zyhelperbeta\zyhelperbeta\release\zyhelperbeta.tlog\rc.write.1.tlog
c:\users\someone\source\repos\zyhelperbeta\zyhelperbeta\release\zyhelperbeta.tlog\zyhelperbeta.write.1u.tlog
